2026-04-18 16:20:23.625 [main] INFO  fr.sakura.bot.Main [cid=n/a] - Demarrage du bot Discord pour le serveur autorise 1495010264125407262
2026-04-18 16:20:23.627 [main] INFO  fr.sakura.bot.Main [cid=n/a] - Configuration: welcomeChannelId=1495014815578718351, logChannelId=1495014805818572963, warningsFilePath=data/warnings.json
2026-04-18 16:20:23.630 [main] INFO  f.sakura.bot.utils.ModerationLogger [cid=n/a] - ModerationLogger initialise (enabled=true, channelId=1495014805818572963)
2026-04-18 16:20:23.655 [main] INFO  fr.sakura.bot.utils.WarningStore [cid=n/a] - WarningStore initialise sur E:\dev\sakura-bot\data\warnings.json
2026-04-18 16:20:23.655 [main] INFO  fr.sakura.bot.utils.WarningService [cid=n/a] - WarningService pret (stockage JSON)
2026-04-18 16:20:23.656 [main] INFO  f.sakura.bot.commands.CommandManager [cid=n/a] - Initialisation CommandManager guildId=1495010264125407262, logChannelId=1495014805818572963, warningsFilePath=data/warnings.json
2026-04-18 16:20:23.656 [main] DEBUG f.sakura.bot.commands.CommandManager [cid=n/a] - Commande enregistree dans le routeur: ping
2026-04-18 16:20:23.657 [main] DEBUG f.sakura.bot.commands.CommandManager [cid=n/a] - Commande enregistree dans le routeur: help
2026-04-18 16:20:23.657 [main] DEBUG f.sakura.bot.commands.CommandManager [cid=n/a] - Commande enregistree dans le routeur: avatar
2026-04-18 16:20:23.658 [main] DEBUG f.sakura.bot.commands.CommandManager [cid=n/a] - Commande enregistree dans le routeur: userinfo
2026-04-18 16:20:23.658 [main] DEBUG f.sakura.bot.commands.CommandManager [cid=n/a] - Commande enregistree dans le routeur: serverinfo
2026-04-18 16:20:23.658 [main] DEBUG f.sakura.bot.commands.CommandManager [cid=n/a] - Commande enregistree dans le routeur: clear
2026-04-18 16:20:23.659 [main] DEBUG f.sakura.bot.commands.CommandManager [cid=n/a] - Commande enregistree dans le routeur: kick
2026-04-18 16:20:23.660 [main] DEBUG f.sakura.bot.commands.CommandManager [cid=n/a] - Commande enregistree dans le routeur: ban
2026-04-18 16:20:23.660 [main] DEBUG f.sakura.bot.commands.CommandManager [cid=n/a] - Commande enregistree dans le routeur: timeout
2026-04-18 16:20:23.660 [main] DEBUG f.sakura.bot.commands.CommandManager [cid=n/a] - Commande enregistree dans le routeur: unban
2026-04-18 16:20:23.661 [main] DEBUG f.sakura.bot.commands.CommandManager [cid=n/a] - Commande enregistree dans le routeur: warn
2026-04-18 16:20:23.661 [main] DEBUG f.sakura.bot.commands.CommandManager [cid=n/a] - Commande enregistree dans le routeur: warnings
2026-04-18 16:20:23.662 [main] DEBUG f.sakura.bot.commands.CommandManager [cid=n/a] - Commande enregistree dans le routeur: clearwarnings
2026-04-18 16:20:24.722 [main] INFO  net.dv8tion.jda.api.JDA [cid=n/a] - Login Successful!
2026-04-18 16:20:24.744 [main] INFO  fr.sakura.bot.Main [cid=n/a] - Initialisation JDA lancee avec intents: GUILD_MESSAGES, GUILD_MEMBERS
2026-04-18 16:20:24.950 [JDA MainWS-ReadThread] INFO  n.d.j.i.requests.WebSocketClient [cid=n/a] - Connected to WebSocket
2026-04-18 16:20:25.506 [JDA MainWS-ReadThread] INFO  net.dv8tion.jda.api.JDA [cid=n/a] - Finished Loading!
2026-04-18 16:20:25.507 [JDA MainWS-ReadThread] INFO  f.s.bot.listeners.SecurityListener [cid=n/a] - Bot connecte en tant que Sakura
2026-04-18 16:20:25.510 [JDA MainWS-ReadThread] INFO  f.s.bot.listeners.SecurityListener [cid=n/a] - Verification mono-serveur de 1 guild(s)
2026-04-18 16:20:25.510 [JDA MainWS-ReadThread] INFO  f.s.bot.listeners.SecurityListener [cid=n/a] - Serveur autorise confirme: 𝐒𝐚𝐤𝐮𝐫𝐚 🌸 • 𝐅𝐑 (1495010264125407262)
2026-04-18 16:20:25.673 [ForkJoinPool.commonPool-worker-1] INFO  f.s.bot.listeners.SecurityListener [cid=n/a] - Commandes globales purgees
2026-04-18 16:20:25.798 [ForkJoinPool.commonPool-worker-1] INFO  f.sakura.bot.commands.CommandManager [cid=n/a] - 13 commandes Slash enregistrees pour 𝐒𝐚𝐤𝐮𝐫𝐚 🌸 • 𝐅𝐑 (1495010264125407262)
2026-04-18 16:20:35.225 [main] INFO  fr.sakura.bot.Main [cid=n/a] - Demarrage du bot Discord pour le serveur autorise 1495010264125407262
2026-04-18 16:20:35.226 [main] INFO  fr.sakura.bot.Main [cid=n/a] - Configuration: welcomeChannelId=1495014815578718351, logChannelId=1495014805818572963, warningsFilePath=data/warnings.json
2026-04-18 16:20:35.229 [main] INFO  f.sakura.bot.utils.ModerationLogger [cid=n/a] - ModerationLogger initialise (enabled=true, channelId=1495014805818572963)
2026-04-18 16:20:35.255 [main] INFO  fr.sakura.bot.utils.WarningStore [cid=n/a] - WarningStore initialise sur E:\dev\sakura-bot\data\warnings.json
2026-04-18 16:20:35.255 [main] INFO  fr.sakura.bot.utils.WarningService [cid=n/a] - WarningService pret (stockage JSON)
2026-04-18 16:20:35.255 [main] INFO  f.sakura.bot.commands.CommandManager [cid=n/a] - Initialisation CommandManager guildId=1495010264125407262, logChannelId=1495014805818572963, warningsFilePath=data/warnings.json
2026-04-18 16:20:35.256 [main] DEBUG f.sakura.bot.commands.CommandManager [cid=n/a] - Commande enregistree dans le routeur: ping
2026-04-18 16:20:35.256 [main] DEBUG f.sakura.bot.commands.CommandManager [cid=n/a] - Commande enregistree dans le routeur: help
2026-04-18 16:20:35.256 [main] DEBUG f.sakura.bot.commands.CommandManager [cid=n/a] - Commande enregistree dans le routeur: avatar
2026-04-18 16:20:35.257 [main] DEBUG f.sakura.bot.commands.CommandManager [cid=n/a] - Commande enregistree dans le routeur: userinfo
2026-04-18 16:20:35.257 [main] DEBUG f.sakura.bot.commands.CommandManager [cid=n/a] - Commande enregistree dans le routeur: serverinfo
2026-04-18 16:20:35.258 [main] DEBUG f.sakura.bot.commands.CommandManager [cid=n/a] - Commande enregistree dans le routeur: clear
2026-04-18 16:20:35.259 [main] DEBUG f.sakura.bot.commands.CommandManager [cid=n/a] - Commande enregistree dans le routeur: kick
2026-04-18 16:20:35.260 [main] DEBUG f.sakura.bot.commands.CommandManager [cid=n/a] - Commande enregistree dans le routeur: ban
2026-04-18 16:20:35.260 [main] DEBUG f.sakura.bot.commands.CommandManager [cid=n/a] - Commande enregistree dans le routeur: timeout
2026-04-18 16:20:35.261 [main] DEBUG f.sakura.bot.commands.CommandManager [cid=n/a] - Commande enregistree dans le routeur: unban
2026-04-18 16:20:35.262 [main] DEBUG f.sakura.bot.commands.CommandManager [cid=n/a] - Commande enregistree dans le routeur: warn
2026-04-18 16:20:35.262 [main] DEBUG f.sakura.bot.commands.CommandManager [cid=n/a] - Commande enregistree dans le routeur: warnings
2026-04-18 16:20:35.263 [main] DEBUG f.sakura.bot.commands.CommandManager [cid=n/a] - Commande enregistree dans le routeur: clearwarnings
2026-04-18 16:20:36.142 [main] INFO  net.dv8tion.jda.api.JDA [cid=n/a] - Login Successful!
2026-04-18 16:20:36.164 [main] INFO  fr.sakura.bot.Main [cid=n/a] - Initialisation JDA lancee avec intents: GUILD_MESSAGES, GUILD_MEMBERS
2026-04-18 16:20:36.392 [JDA MainWS-ReadThread] INFO  n.d.j.i.requests.WebSocketClient [cid=n/a] - Connected to WebSocket
2026-04-18 16:20:36.721 [JDA MainWS-ReadThread] INFO  net.dv8tion.jda.api.JDA [cid=n/a] - Finished Loading!
2026-04-18 16:20:36.722 [JDA MainWS-ReadThread] INFO  f.s.bot.listeners.SecurityListener [cid=n/a] - Bot connecte en tant que Sakura
2026-04-18 16:20:36.726 [JDA MainWS-ReadThread] INFO  f.s.bot.listeners.SecurityListener [cid=n/a] - Verification mono-serveur de 1 guild(s)
2026-04-18 16:20:36.727 [JDA MainWS-ReadThread] INFO  f.s.bot.listeners.SecurityListener [cid=n/a] - Serveur autorise confirme: 𝐒𝐚𝐤𝐮𝐫𝐚 🌸 • 𝐅𝐑 (1495010264125407262)
2026-04-18 16:20:36.954 [ForkJoinPool.commonPool-worker-1] INFO  f.sakura.bot.commands.CommandManager [cid=n/a] - 13 commandes Slash enregistrees pour 𝐒𝐚𝐤𝐮𝐫𝐚 🌸 • 𝐅𝐑 (1495010264125407262)
2026-04-18 16:20:36.966 [ForkJoinPool.commonPool-worker-1] INFO  f.s.bot.listeners.SecurityListener [cid=n/a] - Commandes globales purgees
2026-04-18 16:33:07.362 [main] INFO  fr.sakura.bot.Main [cid=n/a] - Demarrage du bot Discord pour le serveur autorise 1495010264125407262
2026-04-18 16:33:07.364 [main] INFO  fr.sakura.bot.Main [cid=n/a] - Configuration: welcomeChannelId=1495014815578718351, logChannelId=1495014805818572963, warningsFilePath=data/warnings.json
2026-04-18 16:33:07.369 [main] INFO  f.sakura.bot.utils.ModerationLogger [cid=n/a] - ModerationLogger initialise (enabled=true, channelId=1495014805818572963)
2026-04-18 16:33:07.394 [main] INFO  fr.sakura.bot.utils.WarningStore [cid=n/a] - WarningStore initialise sur E:\dev\sakura-bot\data\warnings.json
2026-04-18 16:33:07.395 [main] INFO  fr.sakura.bot.utils.WarningService [cid=n/a] - WarningService pret (stockage JSON)
2026-04-18 16:33:07.395 [main] INFO  f.sakura.bot.commands.CommandManager [cid=n/a] - Initialisation CommandManager guildId=1495010264125407262, logChannelId=1495014805818572963, warningsFilePath=data/warnings.json
2026-04-18 16:33:07.395 [main] DEBUG f.sakura.bot.commands.CommandManager [cid=n/a] - Commande enregistree dans le routeur: ping
2026-04-18 16:33:07.396 [main] DEBUG f.sakura.bot.commands.CommandManager [cid=n/a] - Commande enregistree dans le routeur: help
2026-04-18 16:33:07.396 [main] DEBUG f.sakura.bot.commands.CommandManager [cid=n/a] - Commande enregistree dans le routeur: avatar
2026-04-18 16:33:07.396 [main] DEBUG f.sakura.bot.commands.CommandManager [cid=n/a] - Commande enregistree dans le routeur: userinfo
2026-04-18 16:33:07.397 [main] DEBUG f.sakura.bot.commands.CommandManager [cid=n/a] - Commande enregistree dans le routeur: serverinfo
2026-04-18 16:33:07.397 [main] DEBUG f.sakura.bot.commands.CommandManager [cid=n/a] - Commande enregistree dans le routeur: clear
2026-04-18 16:33:07.398 [main] DEBUG f.sakura.bot.commands.CommandManager [cid=n/a] - Commande enregistree dans le routeur: kick
2026-04-18 16:33:07.399 [main] DEBUG f.sakura.bot.commands.CommandManager [cid=n/a] - Commande enregistree dans le routeur: ban
2026-04-18 16:33:07.399 [main] DEBUG f.sakura.bot.commands.CommandManager [cid=n/a] - Commande enregistree dans le routeur: timeout
2026-04-18 16:33:07.400 [main] DEBUG f.sakura.bot.commands.CommandManager [cid=n/a] - Commande enregistree dans le routeur: unban
2026-04-18 16:33:07.400 [main] DEBUG f.sakura.bot.commands.CommandManager [cid=n/a] - Commande enregistree dans le routeur: warn
2026-04-18 16:33:07.401 [main] DEBUG f.sakura.bot.commands.CommandManager [cid=n/a] - Commande enregistree dans le routeur: warnings
2026-04-18 16:33:07.401 [main] DEBUG f.sakura.bot.commands.CommandManager [cid=n/a] - Commande enregistree dans le routeur: clearwarnings
2026-04-18 16:33:07.403 [main] INFO  f.sakura.bot.utils.ModerationLogger [cid=n/a] - ModerationLogger initialise (enabled=true, channelId=1495014805818572963)
2026-04-18 16:33:08.325 [main] INFO  net.dv8tion.jda.api.JDA [cid=n/a] - Login Successful!
2026-04-18 16:33:08.349 [main] INFO  fr.sakura.bot.Main [cid=n/a] - Initialisation JDA lancee avec intents: GUILD_MESSAGES, GUILD_MEMBERS, GUILD_VOICE_STATES
2026-04-18 16:33:08.561 [JDA MainWS-ReadThread] INFO  n.d.j.i.requests.WebSocketClient [cid=n/a] - Connected to WebSocket
2026-04-18 16:33:08.947 [JDA MainWS-ReadThread] INFO  net.dv8tion.jda.api.JDA [cid=n/a] - Finished Loading!
2026-04-18 16:33:08.948 [JDA MainWS-ReadThread] INFO  f.s.bot.listeners.SecurityListener [cid=n/a] - Bot connecte en tant que Sakura
2026-04-18 16:33:08.951 [JDA MainWS-ReadThread] INFO  f.s.bot.listeners.SecurityListener [cid=n/a] - Verification mono-serveur de 1 guild(s)
2026-04-18 16:33:08.952 [JDA MainWS-ReadThread] INFO  f.s.bot.listeners.SecurityListener [cid=n/a] - Serveur autorise confirme: 𝐒𝐚𝐤𝐮𝐫𝐚 🌸 • 𝐅𝐑 (1495010264125407262)
2026-04-18 16:33:09.122 [ForkJoinPool.commonPool-worker-1] INFO  f.s.bot.listeners.SecurityListener [cid=n/a] - Commandes globales purgees
2026-04-18 16:33:09.191 [ForkJoinPool.commonPool-worker-1] INFO  f.sakura.bot.commands.CommandManager [cid=n/a] - 13 commandes Slash enregistrees pour 𝐒𝐚𝐤𝐮𝐫𝐚 🌸 • 𝐅𝐑 (1495010264125407262)
2026-04-18 16:33:33.233 [JDA MainWS-ReadThread] WARN  net.dv8tion.jda.api.JDA [cid=n/a] - Attempting to access message content without GatewayIntent.MESSAGE_CONTENT.
Discord now requires to explicitly enable access to this using the MESSAGE_CONTENT intent.
Useful resources to learn more:
	- https://support-dev.discord.com/hc/en-us/articles/4404772028055-Message-Content-Privileged-Intent-FAQ
	- https://jda.wiki/using-jda/gateway-intents-and-member-cache-policy/
	- https://jda.wiki/using-jda/troubleshooting/#cannot-get-message-content-attempting-to-access-message-content-without-gatewayintent
Or suppress this warning if this is intentional with Message.suppressContentIntentWarning()
2026-04-18 16:33:33.252 [JDA MainWS-ReadThread] INFO  f.s.b.l.ModerationActivityListener [cid=n/a] - Message modifie: guildId=1495010264125407262, channelId=1495014772452622416, messageId=1495069628089765969, authorId=838024514369617930
2026-04-18 16:33:33.713 [ForkJoinPool.commonPool-worker-1] DEBUG f.sakura.bot.utils.ModerationLogger [cid=n/a] - Log moderation envoye: action=MESSAGE_EDIT, channelId=1495014805818572963
2026-04-18 17:03:40.100 [main] INFO  fr.sakura.bot.Main [cid=n/a] - Demarrage du bot Discord pour le serveur autorise 1495010264125407262
2026-04-18 17:03:40.105 [main] INFO  fr.sakura.bot.Main [cid=n/a] - Configuration: welcomeChannelId=1495014815578718351, logChannelId=1495014805818572963, warningsFilePath=data/warnings.json
2026-04-18 17:03:40.117 [main] INFO  f.sakura.bot.utils.ModerationLogger [cid=n/a] - ModerationLogger initialise (enabled=true, channelId=1495014805818572963)
2026-04-18 17:03:40.145 [main] INFO  fr.sakura.bot.utils.WarningStore [cid=n/a] - WarningStore initialise sur E:\dev\sakura-bot\data\warnings.json
2026-04-18 17:03:40.145 [main] INFO  fr.sakura.bot.utils.WarningService [cid=n/a] - WarningService pret (stockage JSON)
2026-04-18 17:03:40.145 [main] INFO  f.sakura.bot.commands.CommandManager [cid=n/a] - Initialisation CommandManager guildId=1495010264125407262, warningsFilePath=data/warnings.json
2026-04-18 17:03:40.146 [main] DEBUG f.sakura.bot.commands.CommandManager [cid=n/a] - Commande enregistree dans le routeur: ping
2026-04-18 17:03:40.146 [main] DEBUG f.sakura.bot.commands.CommandManager [cid=n/a] - Commande enregistree dans le routeur: help
2026-04-18 17:03:40.146 [main] DEBUG f.sakura.bot.commands.CommandManager [cid=n/a] - Commande enregistree dans le routeur: avatar
2026-04-18 17:03:40.146 [main] DEBUG f.sakura.bot.commands.CommandManager [cid=n/a] - Commande enregistree dans le routeur: userinfo
2026-04-18 17:03:40.147 [main] DEBUG f.sakura.bot.commands.CommandManager [cid=n/a] - Commande enregistree dans le routeur: serverinfo
2026-04-18 17:03:40.147 [main] DEBUG f.sakura.bot.commands.CommandManager [cid=n/a] - Commande enregistree dans le routeur: clear
2026-04-18 17:03:40.148 [main] DEBUG f.sakura.bot.commands.CommandManager [cid=n/a] - Commande enregistree dans le routeur: kick
2026-04-18 17:03:40.149 [main] DEBUG f.sakura.bot.commands.CommandManager [cid=n/a] - Commande enregistree dans le routeur: ban
2026-04-18 17:03:40.149 [main] DEBUG f.sakura.bot.commands.CommandManager [cid=n/a] - Commande enregistree dans le routeur: timeout
2026-04-18 17:03:40.150 [main] DEBUG f.sakura.bot.commands.CommandManager [cid=n/a] - Commande enregistree dans le routeur: unban
2026-04-18 17:03:40.150 [main] DEBUG f.sakura.bot.commands.CommandManager [cid=n/a] - Commande enregistree dans le routeur: warn
2026-04-18 17:03:40.151 [main] DEBUG f.sakura.bot.commands.CommandManager [cid=n/a] - Commande enregistree dans le routeur: warnings
2026-04-18 17:03:40.151 [main] DEBUG f.sakura.bot.commands.CommandManager [cid=n/a] - Commande enregistree dans le routeur: clearwarnings
2026-04-18 17:03:40.994 [main] INFO  net.dv8tion.jda.api.JDA [cid=n/a] - Login Successful!
2026-04-18 17:03:41.014 [main] INFO  fr.sakura.bot.Main [cid=n/a] - Initialisation JDA lancee avec intents: GUILD_MESSAGES, GUILD_MEMBERS, GUILD_VOICE_STATES, MESSAGE_CONTENT
2026-04-18 17:03:41.265 [JDA MainWS-ReadThread] INFO  n.d.j.i.requests.WebSocketClient [cid=n/a] - Connected to WebSocket
2026-04-18 17:03:41.973 [JDA MainWS-ReadThread] INFO  net.dv8tion.jda.api.JDA [cid=n/a] - Finished Loading!
2026-04-18 17:03:41.974 [JDA MainWS-ReadThread] INFO  f.s.bot.listeners.SecurityListener [cid=n/a] - Bot connecte en tant que Sakura
2026-04-18 17:03:41.974 [JDA MainWS-ReadThread] INFO  f.s.bot.listeners.SecurityListener [cid=n/a] - Verification mono-serveur de 1 guild(s)
2026-04-18 17:03:42.144 [ForkJoinPool.commonPool-worker-1] INFO  f.s.bot.listeners.SecurityListener [cid=n/a] - Commandes globales purgees
2026-04-18 17:03:42.144 [ForkJoinPool.commonPool-worker-1] INFO  f.s.bot.listeners.SecurityListener [cid=n/a] - Serveur autorise confirme: 𝐒𝐚𝐤𝐮𝐫𝐚 🌸 • 𝐅𝐑 (1495010264125407262)
2026-04-18 17:03:42.386 [ForkJoinPool.commonPool-worker-1] INFO  f.sakura.bot.commands.CommandManager [cid=n/a] - 13 commandes Slash enregistrees pour 𝐒𝐚𝐤𝐮𝐫𝐚 🌸 • 𝐅𝐑 (1495010264125407262)
2026-04-18 17:04:01.749 [JDA MainWS-ReadThread] INFO  f.s.b.l.ModerationActivityListener [cid=n/a] - Message modifie: guildId=1495010264125407262, channelId=1495014772452622416, messageId=1495077314130870354, authorId=838024514369617930
2026-04-18 17:04:02.166 [ForkJoinPool.commonPool-worker-1] DEBUG f.sakura.bot.utils.ModerationLogger [cid=n/a] - Log moderation envoye: action=MESSAGE_EDIT, channelId=1495014805818572963
2026-04-18 18:30:46.924 [main] ERROR fr.sakura.bot.Main [cid=n/a] - DISCORD_TOKEN absent ou vide dans le fichier .env
2026-04-18 18:38:20.523 [main] INFO  fr.sakura.bot.Main [cid=n/a] - Demarrage du bot Discord pour le serveur autorise 1495010264125407262
2026-04-18 18:38:20.525 [main] INFO  fr.sakura.bot.Main [cid=n/a] - Configuration: welcomeChannelId=1495014815578718351, logChannelId=1495014805818572963, warningsFilePath=data/warnings.json
2026-04-18 18:38:20.803 [main] INFO  f.sakura.bot.utils.ModerationLogger [cid=n/a] - ModerationLogger initialise (enabled=true, channelId=1495014805818572963)
2026-04-18 18:38:20.897 [main] INFO  fr.sakura.bot.utils.WarningStore [cid=n/a] - WarningStore initialise sur C:\Users\Maxime\Documents\dev\sakura\data\warnings.json
2026-04-18 18:38:20.901 [main] INFO  fr.sakura.bot.utils.WarningService [cid=n/a] - WarningService pret (stockage JSON)
2026-04-18 18:38:20.901 [main] INFO  f.sakura.bot.commands.CommandManager [cid=n/a] - Initialisation CommandManager guildId=1495010264125407262, warningsFilePath=data/warnings.json
2026-04-18 18:38:20.903 [main] DEBUG f.sakura.bot.commands.CommandManager [cid=n/a] - Commande enregistree dans le routeur: ping
2026-04-18 18:38:20.903 [main] DEBUG f.sakura.bot.commands.CommandManager [cid=n/a] - Commande enregistree dans le routeur: help
2026-04-18 18:38:20.906 [main] DEBUG f.sakura.bot.commands.CommandManager [cid=n/a] - Commande enregistree dans le routeur: avatar
2026-04-18 18:38:20.906 [main] DEBUG f.sakura.bot.commands.CommandManager [cid=n/a] - Commande enregistree dans le routeur: userinfo
2026-04-18 18:38:20.908 [main] DEBUG f.sakura.bot.commands.CommandManager [cid=n/a] - Commande enregistree dans le routeur: serverinfo
2026-04-18 18:38:20.911 [main] DEBUG f.sakura.bot.commands.CommandManager [cid=n/a] - Commande enregistree dans le routeur: clear
2026-04-18 18:38:20.914 [main] DEBUG f.sakura.bot.commands.CommandManager [cid=n/a] - Commande enregistree dans le routeur: kick
2026-04-18 18:38:20.915 [main] DEBUG f.sakura.bot.commands.CommandManager [cid=n/a] - Commande enregistree dans le routeur: ban
2026-04-18 18:38:20.917 [main] DEBUG f.sakura.bot.commands.CommandManager [cid=n/a] - Commande enregistree dans le routeur: timeout
2026-04-18 18:38:20.920 [main] DEBUG f.sakura.bot.commands.CommandManager [cid=n/a] - Commande enregistree dans le routeur: unban
2026-04-18 18:38:20.922 [main] DEBUG f.sakura.bot.commands.CommandManager [cid=n/a] - Commande enregistree dans le routeur: warn
2026-04-18 18:38:20.924 [main] DEBUG f.sakura.bot.commands.CommandManager [cid=n/a] - Commande enregistree dans le routeur: warnings
2026-04-18 18:38:20.925 [main] DEBUG f.sakura.bot.commands.CommandManager [cid=n/a] - Commande enregistree dans le routeur: clearwarnings
2026-04-18 18:38:22.515 [main] INFO  net.dv8tion.jda.api.JDA [cid=n/a] - Login Successful!
2026-04-18 18:38:22.583 [main] INFO  fr.sakura.bot.Main [cid=n/a] - Initialisation JDA lancee avec intents: GUILD_MESSAGES, GUILD_MEMBERS, GUILD_VOICE_STATES, MESSAGE_CONTENT
2026-04-18 18:38:22.844 [JDA MainWS-ReadThread] INFO  n.d.j.i.requests.WebSocketClient [cid=n/a] - Connected to WebSocket
2026-04-18 18:38:23.455 [JDA MainWS-ReadThread] INFO  net.dv8tion.jda.api.JDA [cid=n/a] - Finished Loading!
2026-04-18 18:38:23.457 [JDA MainWS-ReadThread] INFO  f.s.bot.listeners.SecurityListener [cid=n/a] - Bot connecte en tant que Sakura
2026-04-18 18:38:23.457 [JDA MainWS-ReadThread] INFO  f.s.bot.listeners.SecurityListener [cid=n/a] - Verification mono-serveur de 1 guild(s)
2026-04-18 18:38:23.682 [ForkJoinPool.commonPool-worker-1] INFO  f.s.bot.listeners.SecurityListener [cid=n/a] - Commandes globales purgees
2026-04-18 18:38:23.686 [ForkJoinPool.commonPool-worker-1] INFO  f.s.bot.listeners.SecurityListener [cid=n/a] - Serveur autorise confirme: 𝐒𝐚𝐤𝐮𝐫𝐚 🌸 • 𝐅𝐑 (1495010264125407262)
2026-04-18 18:38:24.016 [ForkJoinPool.commonPool-worker-1] INFO  f.sakura.bot.commands.CommandManager [cid=n/a] - 13 commandes Slash enregistrees pour 𝐒𝐚𝐤𝐮𝐫𝐚 🌸 • 𝐅𝐑 (1495010264125407262)
2026-04-18 18:38:46.069 [JDA MainWS-ReadThread] INFO  f.s.b.l.ModerationActivityListener [cid=n/a] - Message modifie: guildId=1495010264125407262, channelId=1495014772452622416, messageId=1495101283391115444, authorId=838024514369617930
2026-04-18 18:38:46.711 [ForkJoinPool.commonPool-worker-1] DEBUG f.sakura.bot.utils.ModerationLogger [cid=n/a] - Log moderation envoye: action=MESSAGE_EDIT, channelId=1495014805818572963
2026-04-18 18:41:57.510 [main] INFO  fr.sakura.bot.Main [cid=n/a] - Demarrage du bot Discord pour le serveur autorise 1495010264125407262
2026-04-18 18:41:57.513 [main] INFO  fr.sakura.bot.Main [cid=n/a] - Configuration: welcomeChannelId=1495014815578718351, logChannelId=1495014805818572963, warningsFilePath=data/warnings.json
2026-04-18 18:41:57.693 [main] INFO  f.sakura.bot.utils.ModerationLogger [cid=n/a] - ModerationLogger initialise (enabled=true, channelId=1495014805818572963)
2026-04-18 18:41:57.762 [main] INFO  fr.sakura.bot.utils.WarningStore [cid=n/a] - WarningStore initialise sur C:\Users\Maxime\Documents\dev\sakura\data\warnings.json
2026-04-18 18:41:57.762 [main] INFO  fr.sakura.bot.utils.WarningService [cid=n/a] - WarningService pret (stockage JSON)
2026-04-18 18:41:57.762 [main] INFO  f.sakura.bot.commands.CommandManager [cid=n/a] - Initialisation CommandManager guildId=1495010264125407262, warningsFilePath=data/warnings.json
2026-04-18 18:41:57.763 [main] DEBUG f.sakura.bot.commands.CommandManager [cid=n/a] - Commande enregistree dans le routeur: ping
2026-04-18 18:41:57.763 [main] DEBUG f.sakura.bot.commands.CommandManager [cid=n/a] - Commande enregistree dans le routeur: help
2026-04-18 18:41:57.765 [main] DEBUG f.sakura.bot.commands.CommandManager [cid=n/a] - Commande enregistree dans le routeur: avatar
2026-04-18 18:41:57.765 [main] DEBUG f.sakura.bot.commands.CommandManager [cid=n/a] - Commande enregistree dans le routeur: userinfo
2026-04-18 18:41:57.766 [main] DEBUG f.sakura.bot.commands.CommandManager [cid=n/a] - Commande enregistree dans le routeur: serverinfo
2026-04-18 18:41:57.768 [main] DEBUG f.sakura.bot.commands.CommandManager [cid=n/a] - Commande enregistree dans le routeur: clear
2026-04-18 18:41:57.771 [main] DEBUG f.sakura.bot.commands.CommandManager [cid=n/a] - Commande enregistree dans le routeur: kick
2026-04-18 18:41:57.771 [main] DEBUG f.sakura.bot.commands.CommandManager [cid=n/a] - Commande enregistree dans le routeur: ban
2026-04-18 18:41:57.772 [main] DEBUG f.sakura.bot.commands.CommandManager [cid=n/a] - Commande enregistree dans le routeur: timeout
2026-04-18 18:41:57.774 [main] DEBUG f.sakura.bot.commands.CommandManager [cid=n/a] - Commande enregistree dans le routeur: unban
2026-04-18 18:41:57.776 [main] DEBUG f.sakura.bot.commands.CommandManager [cid=n/a] - Commande enregistree dans le routeur: warn
2026-04-18 18:41:57.776 [main] DEBUG f.sakura.bot.commands.CommandManager [cid=n/a] - Commande enregistree dans le routeur: warnings
2026-04-18 18:41:57.778 [main] DEBUG f.sakura.bot.commands.CommandManager [cid=n/a] - Commande enregistree dans le routeur: clearwarnings
2026-04-18 18:41:58.936 [main] INFO  net.dv8tion.jda.api.JDA [cid=n/a] - Login Successful!
2026-04-18 18:41:58.968 [main] INFO  fr.sakura.bot.Main [cid=n/a] - Initialisation JDA lancee avec intents: GUILD_MESSAGES, GUILD_MEMBERS, GUILD_VOICE_STATES, MESSAGE_CONTENT
2026-04-18 18:41:59.230 [JDA MainWS-WriteThread] INFO  n.d.j.i.requests.WebSocketClient [cid=n/a] - Connected to WebSocket
2026-04-18 18:41:59.725 [JDA MainWS-ReadThread] INFO  net.dv8tion.jda.api.JDA [cid=n/a] - Finished Loading!
2026-04-18 18:41:59.725 [JDA MainWS-ReadThread] INFO  f.s.bot.listeners.SecurityListener [cid=n/a] - Bot connecte en tant que Sakura
2026-04-18 18:41:59.725 [JDA MainWS-ReadThread] INFO  f.s.bot.listeners.SecurityListener [cid=n/a] - Verification mono-serveur de 1 guild(s)
2026-04-18 18:41:59.904 [ForkJoinPool.commonPool-worker-1] INFO  f.s.bot.listeners.SecurityListener [cid=n/a] - Commandes globales purgees
2026-04-18 18:41:59.905 [ForkJoinPool.commonPool-worker-1] INFO  f.s.bot.listeners.SecurityListener [cid=n/a] - Serveur autorise confirme: 𝐒𝐚𝐤𝐮𝐫𝐚 🌸 • 𝐅𝐑 (1495010264125407262)
2026-04-18 18:42:00.144 [ForkJoinPool.commonPool-worker-1] INFO  f.sakura.bot.commands.CommandManager [cid=n/a] - 13 commandes Slash enregistrees pour 𝐒𝐚𝐤𝐮𝐫𝐚 🌸 • 𝐅𝐑 (1495010264125407262)
2026-04-18 18:42:35.004 [JDA MainWS-ReadThread] INFO  f.s.b.l.ModerationActivityListener [cid=n/a] - Message modifie: guildId=1495010264125407262, channelId=1495014772452622416, messageId=1495102249519550605, authorId=838024514369617930
2026-04-18 18:42:35.112 [JDA MainWS-ReadThread] INFO  f.s.b.l.ModerationActivityListener [cid=n/a] - Message modifie: guildId=1495010264125407262, channelId=1495014772452622416, messageId=1495102249519550605, authorId=838024514369617930
2026-04-18 18:42:35.494 [ForkJoinPool.commonPool-worker-1] DEBUG f.sakura.bot.utils.ModerationLogger [cid=n/a] - Log moderation envoye: action=MESSAGE_EDIT, channelId=1495014805818572963
2026-04-18 18:42:35.588 [ForkJoinPool.commonPool-worker-2] DEBUG f.sakura.bot.utils.ModerationLogger [cid=n/a] - Log moderation envoye: action=MESSAGE_EDIT, channelId=1495014805818572963
2026-04-18 18:43:11.065 [JDA MainWS-ReadThread] INFO  f.s.b.l.ModerationActivityListener [cid=n/a] - Connexion vocale: guildId=1495010264125407262, memberId=838024514369617930, channelId=1495014804350439519
2026-04-18 18:43:11.366 [ForkJoinPool.commonPool-worker-1] DEBUG f.sakura.bot.utils.ModerationLogger [cid=n/a] - Log moderation envoye: action=VOICE_CONNECT, channelId=1495014805818572963
2026-04-18 18:43:15.545 [JDA MainWS-ReadThread] INFO  f.s.b.l.ModerationActivityListener [cid=n/a] - Self mute change: guildId=1495010264125407262, memberId=838024514369617930, selfMuted=true
2026-04-18 18:43:15.554 [JDA MainWS-ReadThread] INFO  f.s.b.l.ModerationActivityListener [cid=n/a] - Connexion vocale: guildId=1495010264125407262, memberId=838024514369617930, channelId=1495014804350439519
2026-04-18 18:43:15.791 [ForkJoinPool.commonPool-worker-1] DEBUG f.sakura.bot.utils.ModerationLogger [cid=n/a] - Log moderation envoye: action=VOICE_SELF_MUTE, channelId=1495014805818572963
2026-04-18 18:43:16.150 [ForkJoinPool.commonPool-worker-1] DEBUG f.sakura.bot.utils.ModerationLogger [cid=n/a] - Log moderation envoye: action=VOICE_CONNECT, channelId=1495014805818572963
2026-04-18 18:43:22.740 [JDA MainWS-ReadThread] INFO  f.s.b.l.ModerationActivityListener [cid=n/a] - Connexion vocale: guildId=1495010264125407262, memberId=838024514369617930, channelId=1495014804350439519
2026-04-18 18:43:23.022 [ForkJoinPool.commonPool-worker-1] DEBUG f.sakura.bot.utils.ModerationLogger [cid=n/a] - Log moderation envoye: action=VOICE_CONNECT, channelId=1495014805818572963
2026-04-18 18:43:28.864 [JDA MainWS-ReadThread] INFO  f.s.b.l.ModerationActivityListener [cid=n/a] - Guild mute change: guildId=1495010264125407262, memberId=838024514369617930, guildMuted=true
2026-04-18 18:43:28.868 [JDA MainWS-ReadThread] INFO  f.s.b.l.ModerationActivityListener [cid=n/a] - Connexion vocale: guildId=1495010264125407262, memberId=838024514369617930, channelId=1495014804350439519
2026-04-18 18:43:29.117 [ForkJoinPool.commonPool-worker-1] DEBUG f.sakura.bot.utils.ModerationLogger [cid=n/a] - Log moderation envoye: action=VOICE_GUILD_MUTE, channelId=1495014805818572963
2026-04-18 18:43:29.676 [ForkJoinPool.commonPool-worker-1] DEBUG f.sakura.bot.utils.ModerationLogger [cid=n/a] - Log moderation envoye: action=VOICE_CONNECT, channelId=1495014805818572963
2026-04-18 18:43:38.011 [JDA MainWS-ReadThread] INFO  f.s.b.l.ModerationActivityListener [cid=n/a] - Guild mute change: guildId=1495010264125407262, memberId=838024514369617930, guildMuted=true
2026-04-18 18:43:38.015 [JDA MainWS-ReadThread] INFO  f.s.b.l.ModerationActivityListener [cid=n/a] - Guild deaf change: guildId=1495010264125407262, memberId=838024514369617930, guildDeafened=true
2026-04-18 18:43:38.022 [JDA MainWS-ReadThread] INFO  f.s.b.l.ModerationActivityListener [cid=n/a] - Connexion vocale: guildId=1495010264125407262, memberId=838024514369617930, channelId=1495014804350439519
2026-04-18 18:43:38.262 [ForkJoinPool.commonPool-worker-1] DEBUG f.sakura.bot.utils.ModerationLogger [cid=n/a] - Log moderation envoye: action=VOICE_GUILD_MUTE, channelId=1495014805818572963
2026-04-18 18:43:38.513 [ForkJoinPool.commonPool-worker-1] DEBUG f.sakura.bot.utils.ModerationLogger [cid=n/a] - Log moderation envoye: action=VOICE_GUILD_DEAFEN, channelId=1495014805818572963
2026-04-18 18:43:38.738 [ForkJoinPool.commonPool-worker-1] DEBUG f.sakura.bot.utils.ModerationLogger [cid=n/a] - Log moderation envoye: action=VOICE_CONNECT, channelId=1495014805818572963
2026-04-18 18:43:44.621 [JDA MainWS-ReadThread] INFO  f.s.b.l.ModerationActivityListener [cid=n/a] - Guild mute change: guildId=1495010264125407262, memberId=838024514369617930, guildMuted=true
2026-04-18 18:43:44.623 [JDA MainWS-ReadThread] INFO  f.s.b.l.ModerationActivityListener [cid=n/a] - Guild deaf change: guildId=1495010264125407262, memberId=838024514369617930, guildDeafened=true
2026-04-18 18:43:44.947 [ForkJoinPool.commonPool-worker-1] DEBUG f.sakura.bot.utils.ModerationLogger [cid=n/a] - Log moderation envoye: action=VOICE_GUILD_MUTE, channelId=1495014805818572963
2026-04-18 18:43:45.262 [ForkJoinPool.commonPool-worker-1] DEBUG f.sakura.bot.utils.ModerationLogger [cid=n/a] - Log moderation envoye: action=VOICE_GUILD_DEAFEN, channelId=1495014805818572963
2026-04-18 18:44:48.375 [main] INFO  fr.sakura.bot.Main [cid=n/a] - Demarrage du bot Discord pour le serveur autorise 1495010264125407262
2026-04-18 18:44:48.377 [main] INFO  fr.sakura.bot.Main [cid=n/a] - Configuration: welcomeChannelId=1495014815578718351, logChannelId=1495014805818572963, warningsFilePath=data/warnings.json
2026-04-18 18:44:48.381 [main] INFO  f.sakura.bot.utils.ModerationLogger [cid=n/a] - ModerationLogger initialise (enabled=true, channelId=1495014805818572963)
2026-04-18 18:44:48.436 [main] INFO  fr.sakura.bot.utils.WarningStore [cid=n/a] - WarningStore initialise sur C:\Users\Maxime\Documents\dev\sakura\data\warnings.json
2026-04-18 18:44:48.438 [main] INFO  fr.sakura.bot.utils.WarningService [cid=n/a] - WarningService pret (stockage JSON)
2026-04-18 18:44:48.438 [main] INFO  f.sakura.bot.commands.CommandManager [cid=n/a] - Initialisation CommandManager guildId=1495010264125407262, warningsFilePath=data/warnings.json
2026-04-18 18:44:48.438 [main] DEBUG f.sakura.bot.commands.CommandManager [cid=n/a] - Commande enregistree dans le routeur: ping
2026-04-18 18:44:48.440 [main] DEBUG f.sakura.bot.commands.CommandManager [cid=n/a] - Commande enregistree dans le routeur: help
2026-04-18 18:44:48.441 [main] DEBUG f.sakura.bot.commands.CommandManager [cid=n/a] - Commande enregistree dans le routeur: avatar
2026-04-18 18:44:48.445 [main] DEBUG f.sakura.bot.commands.CommandManager [cid=n/a] - Commande enregistree dans le routeur: userinfo
2026-04-18 18:44:48.448 [main] DEBUG f.sakura.bot.commands.CommandManager [cid=n/a] - Commande enregistree dans le routeur: serverinfo
2026-04-18 18:44:48.449 [main] DEBUG f.sakura.bot.commands.CommandManager [cid=n/a] - Commande enregistree dans le routeur: clear
2026-04-18 18:44:48.451 [main] DEBUG f.sakura.bot.commands.CommandManager [cid=n/a] - Commande enregistree dans le routeur: kick
2026-04-18 18:44:48.453 [main] DEBUG f.sakura.bot.commands.CommandManager [cid=n/a] - Commande enregistree dans le routeur: ban
2026-04-18 18:44:48.455 [main] DEBUG f.sakura.bot.commands.CommandManager [cid=n/a] - Commande enregistree dans le routeur: timeout
2026-04-18 18:44:48.456 [main] DEBUG f.sakura.bot.commands.CommandManager [cid=n/a] - Commande enregistree dans le routeur: unban
2026-04-18 18:44:48.459 [main] DEBUG f.sakura.bot.commands.CommandManager [cid=n/a] - Commande enregistree dans le routeur: warn
2026-04-18 18:44:48.460 [main] DEBUG f.sakura.bot.commands.CommandManager [cid=n/a] - Commande enregistree dans le routeur: warnings
2026-04-18 18:44:48.461 [main] DEBUG f.sakura.bot.commands.CommandManager [cid=n/a] - Commande enregistree dans le routeur: clearwarnings
2026-04-18 18:44:49.516 [main] INFO  net.dv8tion.jda.api.JDA [cid=n/a] - Login Successful!
2026-04-18 18:44:49.544 [main] INFO  fr.sakura.bot.Main [cid=n/a] - Initialisation JDA lancee avec intents: GUILD_MESSAGES, GUILD_MEMBERS, GUILD_VOICE_STATES, MESSAGE_CONTENT
2026-04-18 18:44:49.799 [JDA MainWS-ReadThread] INFO  n.d.j.i.requests.WebSocketClient [cid=n/a] - Connected to WebSocket
2026-04-18 18:44:50.274 [JDA MainWS-ReadThread] INFO  net.dv8tion.jda.api.JDA [cid=n/a] - Finished Loading!
2026-04-18 18:44:50.277 [JDA MainWS-ReadThread] INFO  f.s.bot.listeners.SecurityListener [cid=n/a] - Bot connecte en tant que Sakura
2026-04-18 18:44:50.277 [JDA MainWS-ReadThread] INFO  f.s.bot.listeners.SecurityListener [cid=n/a] - Verification mono-serveur de 1 guild(s)
2026-04-18 18:44:50.470 [ForkJoinPool.commonPool-worker-1] INFO  f.s.bot.listeners.SecurityListener [cid=n/a] - Commandes globales purgees
2026-04-18 18:44:50.471 [ForkJoinPool.commonPool-worker-1] INFO  f.s.bot.listeners.SecurityListener [cid=n/a] - Serveur autorise confirme: 𝐒𝐚𝐤𝐮𝐫𝐚 🌸 • 𝐅𝐑 (1495010264125407262)
2026-04-18 18:44:50.682 [ForkJoinPool.commonPool-worker-1] INFO  f.sakura.bot.commands.CommandManager [cid=n/a] - 13 commandes Slash enregistrees pour 𝐒𝐚𝐤𝐮𝐫𝐚 🌸 • 𝐅𝐑 (1495010264125407262)
2026-04-18 18:44:55.556 [JDA MainWS-ReadThread] INFO  f.s.b.l.ModerationActivityListener [cid=n/a] - Guild mute change: guildId=1495010264125407262, memberId=838024514369617930, guildMuted=true
2026-04-18 18:44:55.560 [JDA MainWS-ReadThread] INFO  f.s.b.l.ModerationActivityListener [cid=n/a] - Guild deaf change: guildId=1495010264125407262, memberId=838024514369617930, guildDeafened=true
2026-04-18 18:44:55.573 [JDA MainWS-ReadThread] INFO  f.s.b.l.ModerationActivityListener [cid=n/a] - Connexion vocale: guildId=1495010264125407262, memberId=838024514369617930, channelId=1495014800646996062
2026-04-18 18:44:55.801 [ForkJoinPool.commonPool-worker-1] DEBUG f.sakura.bot.utils.ModerationLogger [cid=n/a] - Log moderation envoye: action=VOICE_GUILD_MUTE, channelId=1495014805818572963
2026-04-18 18:44:56.181 [ForkJoinPool.commonPool-worker-1] DEBUG f.sakura.bot.utils.ModerationLogger [cid=n/a] - Log moderation envoye: action=VOICE_GUILD_DEAFEN, channelId=1495014805818572963
2026-04-18 18:44:56.478 [ForkJoinPool.commonPool-worker-1] DEBUG f.sakura.bot.utils.ModerationLogger [cid=n/a] - Log moderation envoye: action=VOICE_CONNECT, channelId=1495014805818572963
2026-04-18 18:45:06.825 [JDA MainWS-ReadThread] INFO  f.s.b.l.ModerationActivityListener [cid=n/a] - Guild deaf change: guildId=1495010264125407262, memberId=838024514369617930, guildDeafened=true
2026-04-18 18:45:06.832 [JDA MainWS-ReadThread] INFO  f.s.b.l.ModerationActivityListener [cid=n/a] - Connexion vocale: guildId=1495010264125407262, memberId=838024514369617930, channelId=1495014800646996062
2026-04-18 18:45:07.199 [ForkJoinPool.commonPool-worker-1] DEBUG f.sakura.bot.utils.ModerationLogger [cid=n/a] - Log moderation envoye: action=VOICE_GUILD_DEAFEN, channelId=1495014805818572963
2026-04-18 18:45:07.435 [ForkJoinPool.commonPool-worker-1] DEBUG f.sakura.bot.utils.ModerationLogger [cid=n/a] - Log moderation envoye: action=VOICE_CONNECT, channelId=1495014805818572963
2026-04-18 18:45:08.518 [JDA MainWS-ReadThread] INFO  f.s.b.l.ModerationActivityListener [cid=n/a] - Connexion vocale: guildId=1495010264125407262, memberId=838024514369617930, channelId=1495014800646996062
2026-04-18 18:45:08.904 [ForkJoinPool.commonPool-worker-1] DEBUG f.sakura.bot.utils.ModerationLogger [cid=n/a] - Log moderation envoye: action=VOICE_CONNECT, channelId=1495014805818572963
2026-04-18 18:46:08.913 [JDA MainWS-ReadThread] INFO  f.s.b.l.ModerationActivityListener [cid=n/a] - Message modifie: guildId=1495010264125407262, channelId=1495014772452622416, messageId=1495102249519550605, authorId=838024514369617930
2026-04-18 18:46:09.303 [ForkJoinPool.commonPool-worker-2] DEBUG f.sakura.bot.utils.ModerationLogger [cid=n/a] - Log moderation envoye: action=MESSAGE_EDIT, channelId=1495014805818572963
2026-04-18 18:49:36.236 [main] INFO  fr.sakura.bot.Main [cid=n/a] - Demarrage du bot Discord pour le serveur autorise 1495010264125407262
2026-04-18 18:49:36.241 [main] INFO  fr.sakura.bot.Main [cid=n/a] - Configuration: welcomeChannelId=1495014815578718351, logChannelId=1495014805818572963, warningsFilePath=data/warnings.json
2026-04-18 18:49:36.249 [main] INFO  f.sakura.bot.utils.ModerationLogger [cid=n/a] - ModerationLogger initialise (enabled=true, channelId=1495014805818572963)
2026-04-18 18:49:36.290 [main] INFO  fr.sakura.bot.utils.WarningStore [cid=n/a] - WarningStore initialise sur C:\Users\Maxime\Documents\dev\sakura\data\warnings.json
2026-04-18 18:49:36.290 [main] INFO  fr.sakura.bot.utils.WarningService [cid=n/a] - WarningService pret (stockage JSON)
2026-04-18 18:49:36.290 [main] INFO  f.sakura.bot.commands.CommandManager [cid=n/a] - Initialisation CommandManager guildId=1495010264125407262, warningsFilePath=data/warnings.json
2026-04-18 18:49:36.291 [main] DEBUG f.sakura.bot.commands.CommandManager [cid=n/a] - Commande enregistree dans le routeur: ping
2026-04-18 18:49:36.292 [main] DEBUG f.sakura.bot.commands.CommandManager [cid=n/a] - Commande enregistree dans le routeur: help
2026-04-18 18:49:36.292 [main] DEBUG f.sakura.bot.commands.CommandManager [cid=n/a] - Commande enregistree dans le routeur: avatar
2026-04-18 18:49:36.294 [main] DEBUG f.sakura.bot.commands.CommandManager [cid=n/a] - Commande enregistree dans le routeur: userinfo
2026-04-18 18:49:36.295 [main] DEBUG f.sakura.bot.commands.CommandManager [cid=n/a] - Commande enregistree dans le routeur: serverinfo
2026-04-18 18:49:36.295 [main] DEBUG f.sakura.bot.commands.CommandManager [cid=n/a] - Commande enregistree dans le routeur: clear
2026-04-18 18:49:36.298 [main] DEBUG f.sakura.bot.commands.CommandManager [cid=n/a] - Commande enregistree dans le routeur: kick
2026-04-18 18:49:36.299 [main] DEBUG f.sakura.bot.commands.CommandManager [cid=n/a] - Commande enregistree dans le routeur: ban
2026-04-18 18:49:36.301 [main] DEBUG f.sakura.bot.commands.CommandManager [cid=n/a] - Commande enregistree dans le routeur: timeout
2026-04-18 18:49:36.304 [main] DEBUG f.sakura.bot.commands.CommandManager [cid=n/a] - Commande enregistree dans le routeur: unban
2026-04-18 18:49:36.305 [main] DEBUG f.sakura.bot.commands.CommandManager [cid=n/a] - Commande enregistree dans le routeur: warn
2026-04-18 18:49:36.306 [main] DEBUG f.sakura.bot.commands.CommandManager [cid=n/a] - Commande enregistree dans le routeur: warnings
2026-04-18 18:49:36.306 [main] DEBUG f.sakura.bot.commands.CommandManager [cid=n/a] - Commande enregistree dans le routeur: clearwarnings
2026-04-18 18:49:37.472 [main] INFO  net.dv8tion.jda.api.JDA [cid=n/a] - Login Successful!
2026-04-18 18:49:37.506 [main] INFO  fr.sakura.bot.Main [cid=n/a] - Initialisation JDA lancee avec intents: GUILD_MESSAGES, GUILD_MEMBERS, GUILD_VOICE_STATES, MESSAGE_CONTENT
2026-04-18 18:49:37.808 [JDA MainWS-ReadThread] INFO  n.d.j.i.requests.WebSocketClient [cid=n/a] - Connected to WebSocket
2026-04-18 18:49:38.427 [JDA MainWS-ReadThread] INFO  net.dv8tion.jda.api.JDA [cid=n/a] - Finished Loading!
2026-04-18 18:49:38.429 [JDA MainWS-ReadThread] INFO  f.s.bot.listeners.SecurityListener [cid=n/a] - Bot connecte en tant que Sakura
2026-04-18 18:49:38.430 [JDA MainWS-ReadThread] INFO  f.s.bot.listeners.SecurityListener [cid=n/a] - Verification mono-serveur de 1 guild(s)
2026-04-18 18:49:38.621 [ForkJoinPool.commonPool-worker-1] INFO  f.s.bot.listeners.SecurityListener [cid=n/a] - Commandes globales purgees
2026-04-18 18:49:38.622 [ForkJoinPool.commonPool-worker-1] INFO  f.s.bot.listeners.SecurityListener [cid=n/a] - Serveur autorise confirme: 𝐒𝐚𝐤𝐮𝐫𝐚 🌸 • 𝐅𝐑 (1495010264125407262)
2026-04-18 18:49:38.991 [ForkJoinPool.commonPool-worker-1] INFO  f.sakura.bot.commands.CommandManager [cid=n/a] - 13 commandes Slash enregistrees pour 𝐒𝐚𝐤𝐮𝐫𝐚 🌸 • 𝐅𝐑 (1495010264125407262)
2026-04-18 19:05:05.721 [main] INFO  fr.sakura.bot.Main [cid=n/a] - Demarrage du bot Discord pour le serveur autorise 1495010264125407262
2026-04-18 19:05:05.724 [main] INFO  fr.sakura.bot.Main [cid=n/a] - Configuration: welcomeChannelId=1495014815578718351, logChannelId=1495014805818572963, warningsFilePath=data/warnings.json
2026-04-18 19:05:05.987 [main] INFO  f.s.bot.database.DatabaseManager [cid=n/a] - Base de donnees SQLite initialisee avec succes.
2026-04-18 19:05:06.007 [main] INFO  f.sakura.bot.utils.ModerationLogger [cid=n/a] - ModerationLogger initialise (enabled=true, channelId=1495014805818572963)
2026-04-18 19:05:06.025 [main] INFO  fr.sakura.bot.utils.WarningStore [cid=n/a] - WarningStore utilise desormais SQLite via DatabaseManager
2026-04-18 19:05:06.026 [main] INFO  fr.sakura.bot.utils.WarningService [cid=n/a] - WarningService pret (stockage SQLite)
2026-04-18 19:05:06.026 [main] INFO  f.sakura.bot.commands.CommandManager [cid=n/a] - Initialisation CommandManager guildId=1495010264125407262, warningsFilePath=data/warnings.json
2026-04-18 19:05:06.026 [main] DEBUG f.sakura.bot.commands.CommandManager [cid=n/a] - Commande enregistree dans le routeur: ping
2026-04-18 19:05:06.027 [main] DEBUG f.sakura.bot.commands.CommandManager [cid=n/a] - Commande enregistree dans le routeur: help
2026-04-18 19:05:06.028 [main] DEBUG f.sakura.bot.commands.CommandManager [cid=n/a] - Commande enregistree dans le routeur: avatar
2026-04-18 19:05:06.038 [main] DEBUG f.sakura.bot.commands.CommandManager [cid=n/a] - Commande enregistree dans le routeur: userinfo
2026-04-18 19:05:06.042 [main] DEBUG f.sakura.bot.commands.CommandManager [cid=n/a] - Commande enregistree dans le routeur: serverinfo
2026-04-18 19:05:06.046 [main] DEBUG f.sakura.bot.commands.CommandManager [cid=n/a] - Commande enregistree dans le routeur: clear
2026-04-18 19:05:06.049 [main] DEBUG f.sakura.bot.commands.CommandManager [cid=n/a] - Commande enregistree dans le routeur: kick
2026-04-18 19:05:06.052 [main] DEBUG f.sakura.bot.commands.CommandManager [cid=n/a] - Commande enregistree dans le routeur: ban
2026-04-18 19:05:06.053 [main] DEBUG f.sakura.bot.commands.CommandManager [cid=n/a] - Commande enregistree dans le routeur: timeout
2026-04-18 19:05:06.054 [main] DEBUG f.sakura.bot.commands.CommandManager [cid=n/a] - Commande enregistree dans le routeur: unban
2026-04-18 19:05:06.056 [main] DEBUG f.sakura.bot.commands.CommandManager [cid=n/a] - Commande enregistree dans le routeur: warn
2026-04-18 19:05:06.058 [main] DEBUG f.sakura.bot.commands.CommandManager [cid=n/a] - Commande enregistree dans le routeur: warnings
2026-04-18 19:05:06.061 [main] DEBUG f.sakura.bot.commands.CommandManager [cid=n/a] - Commande enregistree dans le routeur: clearwarnings
2026-04-18 19:05:06.062 [main] DEBUG f.sakura.bot.commands.CommandManager [cid=n/a] - Commande enregistree dans le routeur: config
2026-04-18 19:05:07.194 [main] INFO  net.dv8tion.jda.api.JDA [cid=n/a] - Login Successful!
2026-04-18 19:05:07.229 [main] INFO  fr.sakura.bot.Main [cid=n/a] - Initialisation JDA lancee avec intents: GUILD_MESSAGES, GUILD_MEMBERS, GUILD_VOICE_STATES, MESSAGE_CONTENT
2026-04-18 19:05:07.521 [JDA MainWS-WriteThread] INFO  n.d.j.i.requests.WebSocketClient [cid=n/a] - Connected to WebSocket
2026-04-18 19:05:08.328 [JDA MainWS-ReadThread] INFO  net.dv8tion.jda.api.JDA [cid=n/a] - Finished Loading!
2026-04-18 19:05:08.331 [JDA MainWS-ReadThread] INFO  f.s.bot.listeners.SecurityListener [cid=n/a] - Bot connecte en tant que Sakura
2026-04-18 19:05:08.331 [JDA MainWS-ReadThread] INFO  f.s.bot.listeners.SecurityListener [cid=n/a] - Verification mono-serveur de 1 guild(s)
2026-04-18 19:05:08.611 [ForkJoinPool.commonPool-worker-1] INFO  f.s.bot.listeners.SecurityListener [cid=n/a] - Commandes globales purgees
2026-04-18 19:05:08.612 [ForkJoinPool.commonPool-worker-1] INFO  f.s.bot.listeners.SecurityListener [cid=n/a] - Serveur autorise confirme: 𝐒𝐚𝐤𝐮𝐫𝐚 🌸 • 𝐅𝐑 (1495010264125407262)
2026-04-18 19:05:08.958 [ForkJoinPool.commonPool-worker-1] INFO  f.sakura.bot.commands.CommandManager [cid=n/a] - 14 commandes Slash enregistrees pour 𝐒𝐚𝐤𝐮𝐫𝐚 🌸 • 𝐅𝐑 (1495010264125407262)
